Wed Mar 13 2019 02:35:39 GMT-0500 (Central Daylight Time): GET /
Wed Mar 13 2019 02:36:08 GMT-0500 (Central Daylight Time): GET /
Wed Mar 13 2019 02:36:08 GMT-0500 (Central Daylight Time): GET /
Wed Mar 13 2019 02:36:09 GMT-0500 (Central Daylight Time): GET /
Wed Mar 13 2019 02:36:09 GMT-0500 (Central Daylight Time): GET /
Wed Mar 13 2019 02:36:40 GMT-0500 (Central Daylight Time): GET /
Wed Mar 13 2019 02:37:10 GMT-0500 (Central Daylight Time): GET /about
Wed Mar 13 2019 02:37:11 GMT-0500 (Central Daylight Time): GET /aboput
Wed Mar 13 2019 02:40:37 GMT-0500 (Central Daylight Time): GET /about
Wed Mar 13 2019 02:40:53 GMT-0500 (Central Daylight Time): GET /about
Wed Mar 13 2019 02:41:03 GMT-0500 (Central Daylight Time): GET /
Wed Mar 13 2019 02:41:04 GMT-0500 (Central Daylight Time): GET /about
Wed Mar 13 2019 02:41:21 GMT-0500 (Central Daylight Time): GET /
Wed Mar 13 2019 02:42:42 GMT-0500 (Central Daylight Time): GET /
Wed Mar 13 2019 02:42:43 GMT-0500 (Central Daylight Time): GET /
Wed Mar 13 2019 02:42:44 GMT-0500 (Central Daylight Time): GET /
Wed Mar 13 2019 02:42:44 GMT-0500 (Central Daylight Time): GET /
Wed Mar 13 2019 02:42:44 GMT-0500 (Central Daylight Time): GET /
Wed Mar 13 2019 02:42:44 GMT-0500 (Central Daylight Time): GET /
Wed Mar 13 2019 02:42:45 GMT-0500 (Central Daylight Time): GET /
Wed Mar 13 2019 02:42:45 GMT-0500 (Central Daylight Time): GET /
Wed Mar 13 2019 02:42:45 GMT-0500 (Central Daylight Time): GET /
Wed Mar 13 2019 02:43:00 GMT-0500 (Central Daylight Time): GET /
Wed Mar 13 2019 02:43:02 GMT-0500 (Central Daylight Time): GET /
Wed Mar 13 2019 02:43:03 GMT-0500 (Central Daylight Time): GET /about
Wed Mar 13 2019 02:43:03 GMT-0500 (Central Daylight Time): GET /about
Wed Mar 13 2019 02:43:04 GMT-0500 (Central Daylight Time): GET /
Wed Mar 13 2019 02:43:31 GMT-0500 (Central Daylight Time): GET /jyjgjgjk
Thu Mar 14 2019 03:49:26 GMT-0500 (Central Daylight Time): GET /jyjgjgjk
Thu Mar 14 2019 03:49:28 GMT-0500 (Central Daylight Time): GET /jyjgjgjk
